<?xml version="1.0" encoding="UTF-8"?>
<!-- Generated by org.testng.reporters.JUnitXMLReporter -->
<testsuite ignored="0" hostname="LAPTOP-TIU0BPIH" failures="1" tests="2" name="CD Application Test Cases" time="31.38" errors="0" timestamp="29 Oct 2023 15:32:30 GMT">
  <testcase classname="com.cd.qa.testcases.WaterpikOnlinePageTest" name="verifyWaterpikOnlinePageTitleTest" time="19.287">
    <failure type="java.lang.AssertionError" message="Correct title is not displayed expected [idekick® Water Flosser, White with Chrome Accents WF-04 | Waterpik®] but found [Sidekick® Water Flosser, White with Chrome Accents WF-04 | Waterpik®]">
      <![CDATA[java.lang.AssertionError: Correct title is not displayed expected [idekick® Water Flosser, White with Chrome Accents WF-04 | Waterpik®] but found [Sidekick® Water Flosser, White with Chrome Accents WF-04 | Waterpik®]
	at com.cd.qa.testcases.WaterpikOnlinePageTest.verifyWaterpikOnlinePageTitleTest(WaterpikOnlinePageTest.java:40)
... Removed 30 stack frames]]>
    </failure>
  </testcase> <!-- verifyWaterpikOnlinePageTitleTest -->
  <testcase classname="com.cd.qa.testcases.WaterpikOnlinePageTest" name="clickAddToCartTest" time="0.0">
    <skipped/>
  </testcase> <!-- clickAddToCartTest -->
</testsuite> <!-- CD Application Test Cases -->
